<?xml version="1.0" encoding="UTF-8" ?>
<testsuite tests="5" failures="0" name="RunnerTest" time="0.007" errors="2" skipped="0">
  <properties>
    <property name="java.runtime.name" value="Java(TM) SE Runtime Environment"/>
    <property name="sun.boot.library.path" value="C:\Program Files\Java\jdk1.8.0_91\jre\bin"/>
    <property name="java.vm.version" value="25.91-b15"/>
    <property name="java.vm.vendor" value="Oracle Corporation"/>
    <property name="maven.multiModuleProjectDirectory" value="C:\Users\rajeshg\IdeaProjects\Sub-Master"/>
    <property name="java.vendor.url" value="http://java.oracle.com/"/>
    <property name="path.separator" value=";"/>
    <property name="guice.disable.misplaced.annotation.check" value="true"/>
    <property name="java.vm.name" value="Java HotSpot(TM) 64-Bit Server VM"/>
    <property name="file.encoding.pkg" value="sun.io"/>
    <property name="user.script" value=""/>
    <property name="user.country" value="GB"/>
    <property name="sun.java.launcher" value="SUN_STANDARD"/>
    <property name="sun.os.patch.level" value=""/>
    <property name="java.vm.specification.name" value="Java Virtual Machine Specification"/>
    <property name="user.dir" value="C:\Users\rajeshg\IdeaProjects\Sub-Master"/>
    <property name="java.runtime.version" value="1.8.0_91-b15"/>
    <property name="java.awt.graphicsenv" value="sun.awt.Win32GraphicsEnvironment"/>
    <property name="java.endorsed.dirs" value="C:\Program Files\Java\jdk1.8.0_91\jre\lib\endorsed"/>
    <property name="os.arch" value="amd64"/>
    <property name="java.io.tmpdir" value="C:\Users\rajeshg\AppData\Local\Temp\"/>
    <property name="line.separator" value="
"/>
    <property name="java.vm.specification.vendor" value="Oracle Corporation"/>
    <property name="user.variant" value=""/>
    <property name="os.name" value="Windows 8.1"/>
    <property name="classworlds.conf" value="C:\maven\bin\m2.conf"/>
    <property name="sun.jnu.encoding" value="Cp1252"/>
    <property name="java.library.path" value="C:\Program Files\Java\jdk1.8.0_91\bin;C:\WINDOWS\Sun\Java\bin;C:\WINDOWS\system32;C:\WINDOWS;C:\ProgramData\Oracle\Java\javapath;c:\windows\system32;C:\Program Files\Microsoft SQL Server\Client SDK\ODBC\110\Tools\Binn\;C:\Program Files (x86)\Microsoft SQL Server\Client SDK\ODBC\110\Tools\Bin\;%M2_HOME%\bin;C:\Program Files\ASUS\Bluetooth Software\;C:\Program Files\ASUS\Bluetooth Software\syswow64;C:\apache-ant-1.9.7\bin;C:\Program Files (x86)\Common Files\Sage SData\;C:\Program Files\Java\jdk1.8.0_91\bin;C:\Program Files\Git\cmd;C:\maven\bin;."/>
    <property name="java.specification.name" value="Java Platform API Specification"/>
    <property name="java.class.version" value="52.0"/>
    <property name="sun.management.compiler" value="HotSpot 64-Bit Tiered Compilers"/>
    <property name="os.version" value="6.3"/>
    <property name="user.home" value="C:\Users\rajeshg"/>
    <property name="user.timezone" value="Europe/London"/>
    <property name="java.awt.printerjob" value="sun.awt.windows.WPrinterJob"/>
    <property name="java.specification.version" value="1.8"/>
    <property name="file.encoding" value="Cp1252"/>
    <property name="user.name" value="rajeshg"/>
    <property name="java.class.path" value="C:\maven\boot\plexus-classworlds-2.5.2.jar"/>
    <property name="java.vm.specification.version" value="1.8"/>
    <property name="sun.arch.data.model" value="64"/>
    <property name="java.home" value="C:\Program Files\Java\jdk1.8.0_91\jre"/>
    <property name="sun.java.command" value="org.codehaus.plexus.classworlds.launcher.Launcher clean install"/>
    <property name="java.specification.vendor" value="Oracle Corporation"/>
    <property name="user.language" value="en"/>
    <property name="awt.toolkit" value="sun.awt.windows.WToolkit"/>
    <property name="java.vm.info" value="mixed mode"/>
    <property name="java.version" value="1.8.0_91"/>
    <property name="java.ext.dirs" value="C:\Program Files\Java\jdk1.8.0_91\jre\lib\ext;C:\WINDOWS\Sun\Java\lib\ext"/>
    <property name="sun.boot.class.path" value="C:\Program Files\Java\jdk1.8.0_91\jre\lib\resources.jar;C:\Program Files\Java\jdk1.8.0_91\jre\lib\rt.jar;C:\Program Files\Java\jdk1.8.0_91\jre\lib\sunrsasign.jar;C:\Program Files\Java\jdk1.8.0_91\jre\lib\jsse.jar;C:\Program Files\Java\jdk1.8.0_91\jre\lib\jce.jar;C:\Program Files\Java\jdk1.8.0_91\jre\lib\charsets.jar;C:\Program Files\Java\jdk1.8.0_91\jre\lib\jfr.jar;C:\Program Files\Java\jdk1.8.0_91\jre\classes"/>
    <property name="sun.stderr.encoding" value="cp850"/>
    <property name="java.vendor" value="Oracle Corporation"/>
    <property name="maven.home" value="C:\maven"/>
    <property name="file.separator" value="\"/>
    <property name="java.vendor.url.bug" value="http://bugreport.sun.com/bugreport/"/>
    <property name="sun.cpu.endian" value="little"/>
    <property name="sun.io.unicode.encoding" value="UnicodeLittle"/>
    <property name="sun.stdout.encoding" value="cp850"/>
    <property name="sun.desktop" value="windows"/>
    <property name="sun.cpu.isalist" value="amd64"/>
  </properties>
  <testcase classname="Scenario: laying addOnActivation charge for quote created by CP" name="Given I am logged in as CP" time="0.004"/>
  <testcase classname="Scenario: laying addOnActivation charge for quote created by CP" name="And I create a new quote and add a service with addOnActivation charge" time="0"/>
  <testcase classname="Scenario: laying addOnActivation charge for quote created by CP" name="When I run SQL query" time="0"/>
  <testcase classname="Scenario: laying addOnActivation charge for quote created by CP" name="Then The charge should be visible in the back end" time="0.001">
    <error type="java.lang.NullPointerException">java.lang.NullPointerException
	at com.unionstreet.NxTier.pages.OrdersManagerPage.assertThereIsCharge(OrdersManagerPage.java:315)
	at com.unionstreet.NxTier.stepDefs.WLR3.NA53_laying_AddOnActivation_charge_forCP_Agent_reseller_stepDefs.theChargeShouldBeVisibleInTheBackEnd(NA53_laying_AddOnActivation_charge_forCP_Agent_reseller_stepDefs.java:35)
	at ✽.Then The charge should be visible in the back end(com/unionstreet/NxTier/com.unionstreet.NxTier.WLR3.feature/NA53_laying_AddOnActivation_charge_forCP_Agent_reseller.feature:8)
</error>
  </testcase>
  <testcase classname="Scenario: laying addOnActivation charge for quote created by CP" name="Scenario: laying addOnActivation charge for quote created by CP" time="0.002">
    <error type="java.lang.NullPointerException">java.lang.NullPointerException
	at com.unionstreet.NxTier.pages.OrdersManagerPage.assertThereIsCharge(OrdersManagerPage.java:315)
	at com.unionstreet.NxTier.stepDefs.WLR3.NA53_laying_AddOnActivation_charge_forCP_Agent_reseller_stepDefs.theChargeShouldBeVisibleInTheBackEnd(NA53_laying_AddOnActivation_charge_forCP_Agent_reseller_stepDefs.java:35)
	at ✽.Then The charge should be visible in the back end(com/unionstreet/NxTier/com.unionstreet.NxTier.WLR3.feature/NA53_laying_AddOnActivation_charge_forCP_Agent_reseller.feature:8)
</error>
  </testcase>
</testsuite>